<?xml version="1.0" encoding="UTF-8"?>
<!-- Generated by org.testng.reporters.JUnitReportReporter -->
<testsuite hostname="DESKTOP-G0D5220" failures="0" tests="1" name="test.Assertion" time="17.582" errors="0" timestamp="2022-11-09T14:33:13 IST" skipped="0">
  <testcase classname="test.Assertion" name="verifyText" time="17.582"/>
  <system-out/>
</testsuite> <!-- test.Assertion -->
